POST /api/login 201 520 - 913.261 ms
GET /api/dashboard 201 - - 7.218 ms
GET /api/dashboard 201 - - 2.124 ms
POST /api/getSchedule 200 244 - 989.289 ms
POST /api/getSchedule 200 244 - 1003.461 ms
GET /api/dashboard 201 - - 0.953 ms
GET /api/dashboard 201 - - 1.068 ms
POST /api/getAssignmentsJoined 200 230 - 2275.152 ms
POST /api/getAssignmentsJoined 200 230 - 2294.741 ms
GET /api/explorecourses 304 - - 291.723 ms
GET /api/explorecourses 304 - - 378.865 ms
GET /api/explorecourses 304 - - 315.767 ms
GET /api/explorecourses 304 - - 303.699 ms
GET /api/explorecourses 304 - - 317.689 ms
GET /api/explorecourses 304 - - 307.694 ms
GET /api/explorecourses 304 - - 306.065 ms
GET /api/explorecourses 304 - - 306.138 ms
GET /api/explorecourses 304 - - 309.774 ms
GET /api/dashboard 201 - - 1.382 ms
GET /api/dashboard 201 - - 1.192 ms
GET /api/explorecourses 304 - - 320.176 ms
GET /api/explorecourses 304 - - 306.971 ms
POST /api/getjoinedcourses/ 200 - - 596.806 ms
POST /api/getjoinedcourses/ 200 - - 608.569 ms
GET /api/explorecourses 304 - - 294.434 ms
GET /api/explorecourses 304 - - 276.299 ms
GET /api/explorecourses 304 - - 278.068 ms
GET /api/explorecourses 304 - - 286.186 ms
GET /api/explorecourses 304 - - 288.650 ms
GET /api/explorecourses 304 - - 300.028 ms
GET /api/dashboard 201 - - 1.133 ms
GET /api/dashboard 201 - - 1.180 ms
GET /api/explorecourses 304 - - 319.835 ms
GET /api/explorecourses 304 - - 501.938 ms
POST /api/getresourcesJoined 200 118 - 837.459 ms
GET /api/explorecourses 304 - - 284.495 ms
GET /api/dashboard 201 - - 1.112 ms
GET /api/dashboard 201 - - 1.244 ms
POST /api/getresourcesJoined 200 118 - 2274.535 ms
POST /api/getAssignmentsJoined 200 230 - 587.005 ms
GET /api/dashboard 201 - - 1.292 ms
GET /api/dashboard 201 - - 1.216 ms
GET /api/getupdateuser?userId=66082830485912a27d9aef54 200 594 - 256.175 ms
POST /api/getAssignmentsJoined 200 230 - 2019.401 ms
GET /api/getupdateuser?userId=66082830485912a27d9aef54 304 - - 260.046 ms
GET /api/dashboard 201 - - 1.036 ms
GET /api/dashboard 201 - - 1.420 ms
POST /api/getSchedule 200 244 - 841.434 ms
POST /api/getSchedule 200 244 - 846.947 ms
POST /api/getAssignmentsJoined 200 230 - 540.606 ms
POST /api/getAssignmentsJoined 200 230 - 575.531 ms
POST /api/login 201 520 - 954.135 ms
GET /api/dashboard 201 - - 4.960 ms
GET /api/dashboard 201 - - 1.995 ms
POST /api/getSchedule 200 244 - 964.545 ms
POST /api/getSchedule 200 244 - 1013.131 ms
POST /api/getAssignmentsJoined 200 230 - 1246.315 ms
POST /api/getAssignmentsJoined 200 230 - 2197.683 ms
GET /api/dashboard 201 - - 0.712 ms
GET /api/dashboard 201 - - 0.838 ms
GET /api/explorecourses 304 - - 427.603 ms
GET /api/explorecourses 304 - - 308.355 ms
GET /api/explorecourses 304 - - 301.952 ms
GET /api/explorecourses 304 - - 405.025 ms
GET /api/explorecourses 304 - - 305.338 ms
GET /api/explorecourses 304 - - 406.376 ms
GET /api/explorecourses 304 - - 307.544 ms
GET /api/explorecourses 304 - - 333.264 ms
GET /api/explorecourses 304 - - 388.070 ms
GET /api/explorecourses 304 - - 300.984 ms
GET /api/explorecourses 304 - - 335.954 ms
GET /api/explorecourses 304 - - 291.450 ms
GET /api/dashboard 201 - - 1.109 ms
GET /api/dashboard 201 - - 1.144 ms
GET /api/explorecourses 304 - - 417.414 ms
GET /api/explorecourses 304 - - 383.810 ms
GET /api/explorecourses 304 - - 339.900 ms
POST /api/getjoinedcourses/ 200 - - 727.641 ms
POST /api/getjoinedcourses/ 200 - - 727.736 ms
GET /api/explorecourses 304 - - 280.743 ms
GET /api/explorecourses 304 - - 289.986 ms
GET /api/explorecourses 304 - - 260.701 ms
GET /api/explorecourses 304 - - 339.845 ms
GET /api/explorecourses 304 - - 338.366 ms
GET /api/explorecourses 304 - - 276.004 ms
GET /api/explorecourses 304 - - 302.776 ms
GET /api/dashboard 201 - - 0.947 ms
GET /api/dashboard 201 - - 0.867 ms
GET /api/explorecourses 304 - - 254.574 ms
GET /api/explorecourses 304 - - 561.452 ms
POST /api/getresourcesJoined 200 118 - 863.043 ms
GET /api/explorecourses 304 - - 269.533 ms
GET /api/explorecourses 304 - - 438.719 ms
POST /api/getresourcesJoined 200 118 - 2387.322 ms
GET /api/dashboard 201 - - 1.041 ms
GET /api/dashboard 201 - - 1.140 ms
POST /api/getAssignmentsJoined 200 230 - 633.560 ms
GET /api/dashboard 201 - - 1.194 ms
GET /api/dashboard 201 - - 1.035 ms
POST /api/getAssignmentsJoined 200 230 - 2351.232 ms
POST /api/getSchedule 200 244 - 1168.480 ms
POST /api/getSchedule 200 244 - 1168.207 ms
POST /api/getAssignmentsJoined 200 230 - 685.099 ms
POST /api/getAssignmentsJoined 200 230 - 693.466 ms
GET /api/dashboard 201 - - 1.176 ms
GET /api/dashboard 201 - - 0.862 ms
POST /api/getAssignmentsJoined 200 230 - 545.760 ms
POST /api/getAssignmentsJoined 200 230 - 577.454 ms
GET /api/dashboard 201 - - 0.805 ms
GET /api/dashboard 201 - - 0.765 ms
GET /api/getupdateuser?userId=66082830485912a27d9aef54 304 - - 301.341 ms
GET /api/getupdateuser?userId=66082830485912a27d9aef54 304 - - 403.002 ms
GET /api/dashboard 201 - - 0.969 ms
GET /api/dashboard 201 - - 0.931 ms
POST /api/getSchedule 200 244 - 983.174 ms
POST /api/getSchedule 200 244 - 986.392 ms
POST /api/getAssignmentsJoined 200 230 - 503.428 ms
POST /api/getAssignmentsJoined 200 230 - 557.320 ms
GET /api/dashboard 201 - - 0.959 ms
GET /api/dashboard 201 - - 1.159 ms
GET /api/explorecourses 304 - - 340.406 ms
GET /api/dashboard 201 - - 0.906 ms
GET /api/dashboard 201 - - 0.925 ms
GET /api/explorecourses 304 - - 337.979 ms
GET /api/explorecourses 304 - - 351.855 ms
POST /api/getjoinedcourses/ 200 - - 702.491 ms
POST /api/getjoinedcourses/ 200 - - 702.569 ms
GET /api/explorecourses 304 - - 320.255 ms
GET /api/dashboard 201 - - 1.065 ms
GET /api/dashboard 201 - - 1.062 ms
POST /api/getresourcesJoined 200 118 - 806.281 ms
POST /api/getresourcesJoined 200 118 - 811.234 ms
GET /api/dashboard 201 - - 0.856 ms
GET /api/dashboard 201 - - 0.992 ms
POST /api/getAssignmentsJoined 200 230 - 668.383 ms
POST /api/getAssignmentsJoined 200 230 - 673.322 ms
GET /api/dashboard 201 - - 1.165 ms
GET /api/dashboard 201 - - 1.166 ms
POST /api/getSchedule 200 244 - 1023.636 ms
POST /api/getSchedule 200 244 - 1027.774 ms
POST /api/getAssignmentsJoined 200 230 - 753.026 ms
POST /api/getAssignmentsJoined 200 230 - 766.123 ms
GET /api/dashboard 201 - - 0.959 ms
GET /api/dashboard 201 - - 0.946 ms
POST /api/getjoinedcourses/ 200 - - 800.736 ms
POST /api/getjoinedcourses/ 200 - - 805.225 ms
GET /api/getCourse?courseId=65700f59c64290ce8de72138 304 - - 348.987 ms
POST /api/getcourseassignments 200 122 - 757.889 ms
POST /api/getcourseassignments 200 122 - 754.946 ms
GET /api/getCourse?courseId=65700f59c64290ce8de72138 304 - - 412.997 ms
GET /api/dashboard 201 - - 0.913 ms
GET /api/dashboard 201 - - 2.331 ms
POST /api/getSchedule 200 244 - 1112.592 ms
POST /api/getSchedule 200 244 - 1136.806 ms
POST /api/getAssignmentsJoined 200 230 - 709.951 ms
POST /api/getAssignmentsJoined 200 230 - 694.028 ms
GET /api/logout 304 - - 0.948 ms
POST /api/login 201 258 - 794.632 ms
