POST /api/login 400 41 - 414.529 ms
POST /api/login 400 41 - 403.834 ms
POST /api/login 400 41 - 2610.010 ms
POST /api/login 400 41 - 329.315 ms
POST /api/login 400 41 - 266.762 ms
POST /api/login 201 317 - 685.276 ms
GET /api/dashboard 201 - - 3.329 ms
GET /api/dashboard 201 - - 3.405 ms
POST /api/getSchedule 200 143 - 882.403 ms
POST /api/getSchedule 200 143 - 3484.837 ms
POST /api/getAssignmentsJoined 200 372 - 2905.045 ms
POST /api/getAssignmentsJoined 200 372 - 602.623 ms
GET /api/dashboard 201 - - 1.510 ms
GET /api/dashboard 201 - - 3.005 ms
GET /api/explorecourses 200 - - 1701.271 ms
GET /api/explorecourses 304 - - 1636.782 ms
GET /api/explorecourses 304 - - 909.833 ms
GET /api/explorecourses 304 - - 1416.145 ms
GET /api/explorecourses 304 - - 830.268 ms
GET /api/explorecourses 304 - - 510.011 ms
GET /api/explorecourses 304 - - 1225.454 ms
GET /api/explorecourses 304 - - 807.473 ms
GET /api/explorecourses 304 - - 604.683 ms
GET /api/explorecourses 304 - - 729.811 ms
GET /api/explorecourses 304 - - 1714.398 ms
GET /api/explorecourses 304 - - 515.866 ms
GET /api/explorecourses 304 - - 286.865 ms
GET /api/explorecourses 304 - - 275.541 ms
GET /api/explorecourses 304 - - 354.198 ms
GET /api/dashboard 201 - - 2.211 ms
GET /api/dashboard 201 - - 1.658 ms
GET /api/explorecourses 304 - - 282.914 ms
GET /api/explorecourses 304 - - 328.466 ms
POST /api/getjoinedcourses/ 200 - - 612.300 ms
POST /api/getjoinedcourses/ 200 - - 620.635 ms
GET /api/explorecourses 304 - - 1524.570 ms
GET /api/explorecourses 304 - - 1572.152 ms
GET /api/explorecourses 304 - - 944.380 ms
GET /api/explorecourses 304 - - 1782.712 ms
GET /api/explorecourses 304 - - 511.497 ms
GET /api/dashboard 201 - - 2.086 ms
GET /api/dashboard 201 - - 2.079 ms
POST /api/getAssignmentsJoined 200 372 - 589.570 ms
GET /api/explorecourses 304 - - 1320.532 ms
GET /api/explorecourses 304 - - 553.999 ms
POST /api/getAssignmentsJoined 200 372 - 1976.569 ms
GET /api/explorecourses 304 - - 1275.367 ms
GET /api/explorecourses 304 - - 713.404 ms
GET /api/dashboard 201 - - 1.802 ms
GET /api/dashboard 201 - - 2.400 ms
POST /api/getresourcesJoined 200 118 - 594.872 ms
POST /api/getresourcesJoined 200 118 - 591.431 ms
GET /api/explorecourses 304 - - 1121.945 ms
GET /api/explorecourses 304 - - 1475.597 ms
GET /api/explorecourses 304 - - 559.388 ms
GET /api/explorecourses 304 - - 609.422 ms
GET /api/explorecourses 304 - - 1730.326 ms
GET /api/explorecourses 304 - - 515.100 ms
GET /api/dashboard 201 - - 1.670 ms
GET /api/dashboard 201 - - 1.835 ms
GET /api/getupdateuser?userId=66301cb8c70eac077952f239 304 - - 280.811 ms
GET /api/getupdateuser?userId=66301cb8c70eac077952f239 304 - - 303.273 ms
GET /api/dashboard 201 - - 2.324 ms
GET /api/dashboard 201 - - 1.293 ms
POST /api/getSchedule 200 143 - 837.760 ms
POST /api/getSchedule 200 143 - 835.905 ms
POST /api/getAssignmentsJoined 200 372 - 573.200 ms
POST /api/getAssignmentsJoined 200 372 - 581.868 ms
GET /api/dashboard 201 - - 1.511 ms
GET /api/dashboard 201 - - 1.563 ms
GET /api/explorecourses 304 - - 407.196 ms
GET /api/explorecourses 304 - - 962.539 ms
GET /api/explorecourses 304 - - 305.554 ms
GET /api/explorecourses 304 - - 1633.103 ms
GET /api/explorecourses 304 - - 610.110 ms
GET /api/explorecourses 304 - - 306.275 ms
GET /api/dashboard 201 - - 2.806 ms
GET /api/dashboard 201 - - 1.558 ms
POST /api/getAssignmentsJoined 200 372 - 765.644 ms
GET /api/explorecourses 304 - - 1640.159 ms
POST /api/getAssignmentsJoined 200 372 - 786.377 ms
GET /api/dashboard 201 - - 2.359 ms
GET /api/dashboard 201 - - 1.652 ms
POST /api/getjoinedcourses/ 200 - - 697.347 ms
POST /api/getjoinedcourses/ 200 - - 708.057 ms
GET /api/explorecourses 304 - - 1379.518 ms
GET /api/explorecourses 304 - - 1466.265 ms
GET /api/explorecourses 304 - - 307.184 ms
GET /api/dashboard 201 - - 1.397 ms
GET /api/dashboard 201 - - 1.536 ms
GET /api/explorecourses 304 - - 302.577 ms
GET /api/getupdateuser?userId=66301cb8c70eac077952f239 304 - - 278.023 ms
GET /api/getupdateuser?userId=66301cb8c70eac077952f239 304 - - 266.158 ms
GET /api/explorecourses 304 - - 1636.031 ms
GET /api/explorecourses 304 - - 2245.583 ms
GET /api/explorecourses 304 - - 915.861 ms
GET /api/dashboard 201 - - 1.010 ms
GET /api/dashboard 201 - - 1.419 ms
POST /api/getAssignmentsJoined 200 372 - 533.846 ms
POST /api/getAssignmentsJoined 200 372 - 537.783 ms
GET /api/dashboard 201 - - 1.762 ms
GET /api/dashboard 201 - - 0.988 ms
GET /api/getupdateuser?userId=66301cb8c70eac077952f239 304 - - 420.389 ms
GET /api/getupdateuser?userId=66301cb8c70eac077952f239 304 - - 299.716 ms
POST /api/login 400 41 - 281.891 ms
POST /api/login 400 41 - 263.090 ms
POST /api/login 400 41 - 263.577 ms
POST /api/login 400 41 - 266.487 ms
POST /api/login 400 41 - 262.992 ms
POST /api/login 400 41 - 295.622 ms
POST /api/login 400 41 - 272.064 ms
POST /api/login 400 41 - 270.588 ms
POST /api/login 400 41 - 297.631 ms
POST /api/login 400 41 - 268.940 ms
POST /api/login 400 41 - 277.051 ms
GET /api/Reports 304 - - 350.991 ms
GET /api/getUsers 304 - - 360.152 ms
GET /api/Reports 304 - - 299.795 ms
GET /api/getUsers 304 - - 297.964 ms
GET /api/explorecourses 304 - - 1484.440 ms
GET /api/explorecourses 304 - - 516.433 ms
GET /api/Reports 304 - - 270.379 ms
GET /api/Reports 304 - - 273.622 ms
GET /api/explorecourses 304 - - 1692.398 ms
POST /api/getUserName 200 13 - 257.031 ms
POST /api/getUserName 200 13 - 264.298 ms
POST /api/getUserName 200 13 - 258.753 ms
POST /api/getUserName 200 13 - 280.797 ms
GET /api/explorecourses 304 - - 517.916 ms
POST /api/getUserName 200 13 - 257.163 ms
POST /api/getUserName 200 13 - 252.831 ms
POST /api/getUserName 200 13 - 261.412 ms
POST /api/getUserName 200 13 - 275.371 ms
POST /api/getUserName 200 13 - 262.536 ms
POST /api/getUserName 200 13 - 250.462 ms
POST /api/getUserName 200 13 - 252.190 ms
POST /api/getUserName 200 13 - 257.810 ms
POST /api/getUserName 200 13 - 270.800 ms
POST /api/getUserName 200 13 - 266.132 ms
POST /api/getUserName 200 13 - 259.292 ms
POST /api/getUserName 200 13 - 253.706 ms
POST /api/getUserName 200 13 - 260.653 ms
POST /api/getUserName 200 13 - 271.105 ms
POST /api/getUserName 200 13 - 256.399 ms
POST /api/getUserName 200 13 - 258.017 ms
POST /api/getUserName 200 13 - 257.950 ms
POST /api/getUserName 200 13 - 1721.236 ms
GET /api/Reports 304 - - 424.970 ms
GET /api/Reports 304 - - 386.491 ms
GET /api/getUsers 304 - - 1144.329 ms
GET /api/explorecourses 304 - - 1862.664 ms
GET /api/explorecourses 304 - - 512.867 ms
GET /api/getUsers 304 - - 1430.058 ms
GET /api/Reports 304 - - 268.506 ms
GET /api/Reports 304 - - 259.793 ms
GET /api/explorecourses 304 - - 751.220 ms
POST /api/getUserName 200 13 - 258.717 ms
POST /api/getUserName 200 13 - 257.196 ms
POST /api/getUserName 200 13 - 264.402 ms
POST /api/getUserName 200 13 - 272.811 ms
POST /api/getUserName 200 13 - 274.856 ms
POST /api/getUserName 200 13 - 324.561 ms
POST /api/getUserName 200 13 - 330.641 ms
POST /api/getUserName 200 13 - 307.059 ms
POST /api/getUserName 200 13 - 311.770 ms
POST /api/getUserName 200 13 - 317.512 ms
POST /api/getUserName 200 13 - 300.763 ms
POST /api/getUserName 200 13 - 308.836 ms
POST /api/getUserName 200 13 - 314.573 ms
POST /api/getUserName 200 13 - 304.540 ms
POST /api/getUserName 200 13 - 308.214 ms
POST /api/getUserName 200 13 - 296.611 ms
POST /api/getUserName 200 13 - 294.575 ms
POST /api/getUserName 200 13 - 285.556 ms
POST /api/getUserName 200 13 - 296.842 ms
POST /api/getUserName 200 13 - 294.509 ms
GET /api/explorecourses 304 - - 1379.284 ms
POST /api/getUserName 200 13 - 277.975 ms
POST /api/getUserName 200 13 - 277.712 ms
GET /api/getUsers 304 - - 328.434 ms
GET /api/getUsers 304 - - 303.539 ms
GET /api/Reports 304 - - 380.891 ms
GET /api/getUsers 304 - - 388.001 ms
GET /api/explorecourses 304 - - 693.635 ms
GET /api/getUsers 304 - - 308.717 ms
GET /api/Reports 304 - - 314.755 ms
GET /api/explorecourses 304 - - 1013.144 ms
GET /api/Reports 304 - - 296.487 ms
GET /api/Reports 304 - - 267.664 ms
GET /api/Reports 304 - - 413.406 ms
GET /api/Reports 304 - - 255.556 ms
GET /api/getUsers 304 - - 1558.257 ms
GET /api/explorecourses 304 - - 2278.190 ms
GET /api/getUsers 304 - - 1369.174 ms
GET /api/explorecourses 304 - - 1532.021 ms
POST /api/login 201 317 - 905.206 ms
GET /api/dashboard 201 - - 2.066 ms
GET /api/dashboard 201 - - 1.180 ms
POST /api/getSchedule 200 143 - 791.568 ms
POST /api/getSchedule 200 143 - 795.507 ms
POST /api/getAssignmentsJoined 200 372 - 644.611 ms
POST /api/getAssignmentsJoined 200 372 - 660.471 ms
GET /api/dashboard 201 - - 1.161 ms
GET /api/dashboard 201 - - 0.943 ms
GET /api/explorecourses 304 - - 1448.411 ms
GET /api/dashboard 201 - - 1.917 ms
GET /api/dashboard 201 - - 2.257 ms
GET /api/getupdateuser?userId=66301cb8c70eac077952f239 304 - - 267.501 ms
GET /api/getupdateuser?userId=66301cb8c70eac077952f239 304 - - 303.385 ms
GET /api/explorecourses 304 - - 1427.836 ms
GET /api/explorecourses 304 - - 710.741 ms
GET /api/explorecourses 304 - - 1428.813 ms
GET /api/dashboard 201 - - 32.179 ms
GET /api/dashboard 201 - - 1.058 ms
POST /api/getSchedule 200 143 - 862.192 ms
POST /api/getSchedule 200 143 - 870.260 ms
GET /api/dashboard 201 - - 1.348 ms
GET /api/dashboard 201 - - 2.251 ms
GET /api/getupdateuser?userId=66301cb8c70eac077952f239 304 - - 350.552 ms
POST /api/getAssignmentsJoined 200 372 - 673.534 ms
POST /api/getAssignmentsJoined 200 372 - 672.106 ms
GET /api/getupdateuser?userId=66301cb8c70eac077952f239 304 - - 398.964 ms
GET /api/getupdateuser?userId=66301cb8c70eac077952f239 304 - - 316.197 ms
GET /api/dashboard 201 - - 1.059 ms
GET /api/dashboard 201 - - 1.021 ms
POST /api/getSchedule 200 143 - 1122.270 ms
POST /api/getSchedule 200 143 - 1128.820 ms
POST /api/getAssignmentsJoined 200 372 - 591.060 ms
POST /api/getAssignmentsJoined 200 372 - 597.534 ms
GET /api/dashboard 201 - - 1.567 ms
GET /api/dashboard 201 - - 1.017 ms
GET /api/explorecourses 304 - - 598.857 ms
GET /api/explorecourses 304 - - 300.730 ms
GET /api/explorecourses 304 - - 1609.770 ms
GET /api/explorecourses 304 - - 638.692 ms
GET /api/explorecourses 304 - - 605.858 ms
GET /api/explorecourses 304 - - 1772.409 ms
GET /api/dashboard 201 - - 1.355 ms
GET /api/dashboard 201 - - 1.003 ms
GET /api/explorecourses 304 - - 678.802 ms
POST /api/getSchedule 200 143 - 875.675 ms
POST /api/getSchedule 200 143 - 875.183 ms
POST /api/getAssignmentsJoined 200 372 - 549.047 ms
POST /api/getAssignmentsJoined 200 372 - 549.796 ms
GET /api/explorecourses 304 - - 1421.894 ms
GET /api/explorecourses 304 - - 607.962 ms
GET /api/explorecourses 304 - - 1673.184 ms
GET /api/explorecourses 304 - - 525.377 ms
GET /api/explorecourses 304 - - 1478.890 ms
GET /api/dashboard 201 - - 1.121 ms
GET /api/dashboard 201 - - 1.180 ms
GET /api/explorecourses 304 - - 568.063 ms
GET /api/explorecourses 304 - - 1326.885 ms
GET /api/explorecourses 304 - - 607.075 ms
GET /api/dashboard 201 - - 1.194 ms
GET /api/dashboard 201 - - 0.940 ms
GET /api/explorecourses 304 - - 1801.598 ms
POST /api/getjoinedcourses/ 200 - - 616.815 ms
POST /api/getjoinedcourses/ 200 - - 629.358 ms
GET /api/explorecourses 304 - - 747.378 ms
GET /api/explorecourses 304 - - 609.848 ms
GET /api/explorecourses 304 - - 1689.772 ms
GET /api/dashboard 201 - - 1.025 ms
GET /api/dashboard 201 - - 1.111 ms
POST /api/getAssignmentsJoined 200 372 - 505.331 ms
POST /api/getAssignmentsJoined 200 372 - 524.888 ms
GET /api/explorecourses 304 - - 1786.291 ms
POST /api/getSchedule 200 143 - 788.026 ms
POST /api/getSchedule 200 143 - 794.933 ms
POST /api/getAssignmentsJoined 200 372 - 627.224 ms
POST /api/getAssignmentsJoined 200 372 - 638.325 ms
