POST /api/login 201 475 - 917.493 ms
GET /api/dashboard 201 - - 6.117 ms
GET /api/dashboard 201 - - 1.677 ms
POST /api/getSchedule 200 220 - 1201.821 ms
POST /api/getSchedule 200 220 - 1215.410 ms
GET /api/dashboard 201 - - 1.258 ms
GET /api/dashboard 201 - - 1.625 ms
GET /api/explorecourses 304 - - 319.745 ms
GET /api/explorecourses 304 - - 373.702 ms
GET /api/explorecourses 304 - - 319.919 ms
GET /api/explorecourses 304 - - 387.723 ms
GET /api/dashboard 201 - - 1.178 ms
GET /api/dashboard 201 - - 1.126 ms
GET /api/explorecourses 304 - - 312.981 ms
GET /api/explorecourses 304 - - 301.220 ms
POST /api/getjoinedcourses/ 200 865 - 708.420 ms
POST /api/getjoinedcourses/ 200 865 - 710.034 ms
GET /api/explorecourses 304 - - 305.768 ms
GET /api/explorecourses 304 - - 322.836 ms
GET /api/explorecourses 304 - - 370.699 ms
GET /api/explorecourses 304 - - 315.052 ms
GET /api/dashboard 201 - - 1.635 ms
GET /api/dashboard 201 - - 1.379 ms
POST /api/getresourcesJoined 200 118 - 666.399 ms
GET /api/dashboard 201 - - 1.827 ms
GET /api/dashboard 201 - - 1.262 ms
POST /api/getAssignmentsJoined 200 230 - 670.399 ms
POST /api/getresourcesJoined 200 118 - 4354.104 ms
POST /api/getAssignmentsJoined 200 230 - 2402.938 ms
GET /api/dashboard 201 - - 1.514 ms
GET /api/dashboard 201 - - 1.396 ms
POST /api/getSchedule 200 220 - 982.485 ms
POST /api/getSchedule 200 220 - 1005.310 ms
GET /api/logout 200 37 - 1.612 ms
POST /api/login 201 511 - 882.179 ms
POST /api/getSchedule 200 317 - 962.156 ms
POST /api/getSchedule 200 317 - 965.117 ms
POST /api/getcreatedcourses/ 200 - - 615.062 ms
POST /api/getcreatedcourses/ 200 - - 618.707 ms
POST /api/getcreatedcourses/ 200 - - 749.928 ms
POST /api/getcreatedcourses/ 200 - - 757.456 ms
GET /api/getCourse?courseId=65700f59c64290ce8de72138 304 - - 303.894 ms
GET /api/getCourse?courseId=65700f59c64290ce8de72138 304 - - 325.892 ms
POST /api/getcourseassignments 200 122 - 636.045 ms
POST /api/getcourseassignments 200 122 - 635.927 ms
POST /api/getresources 200 118 - 606.026 ms
POST /api/getresources 200 118 - 627.600 ms
POST /api/getSchedule 200 317 - 953.985 ms
POST /api/getSchedule 200 317 - 980.538 ms
